<?xml version="1.0" encoding="UTF-8"?>
<!-- Generated by org.testng.reporters.JUnitReportReporter -->
<testsuite hostname="DESKTOP-9GN0P2R" failures="0" tests="4" name="tests.AutomationPracticeTest" time="39.679" errors="0" timestamp="2026-09-08T09:58:28 CST" skipped="0">
  <testcase classname="tests.AutomationPracticeTest" name="shouldCompleteFormAndControls" time="12.891"/>
  <testcase classname="tests.AutomationPracticeTest" name="shouldInteractWithProductTable" time="6.051"/>
  <testcase classname="tests.AutomationPracticeTest" name="shouldHandleAlerts" time="9.013"/>
  <testcase classname="tests.AutomationPracticeTest" name="shouldPerformAdvancedActions" time="11.724"/>
</testsuite> <!-- tests.AutomationPracticeTest -->
