<?xml version="1.0" encoding="UTF-8"?>
<!-- Generated by org.testng.reporters.JUnitReportReporter -->
<testsuite hostname="DESKTOP-9GN0P2R" failures="0" tests="60" name="tests.SantanderTest" time="677.535" errors="0" timestamp="2026-09-08T16:01:48 CST" skipped="0">
  <testcase classname="tests.SantanderTest" name="shouldNavigateToEmpresasOption" time="8.753"/>
  <testcase classname="tests.SantanderTest" name="shouldNavigateToBancaPrivada" time="7.178"/>
  <testcase classname="tests.SantanderTest" name="shouldNavigateToPersonasOption" time="11.163"/>
  <testcase classname="tests.SantanderTest" name="shouldNavigateToPymesOption" time="3.942"/>
  <testcase classname="tests.SantanderTest" name="shouldNavigateToPersonasOption" time="12.843"/>
  <testcase classname="tests.SantanderTest" name="shouldNavigateToPersonasOption" time="7.067"/>
  <testcase classname="tests.SantanderTest" name="shouldNavigateToPymesOption" time="9.851"/>
  <testcase classname="tests.SantanderTest" name="shouldNavigateToPersonasOption" time="11.293"/>
  <testcase classname="tests.SantanderTest" name="shouldNavigateToAcercaBancoOption" time="11.601"/>
  <testcase classname="tests.SantanderTest" name="shouldNavigateToPersonasOption" time="8.355"/>
  <testcase classname="tests.SantanderTest" name="shouldNavigateToAcercaBancoOption" time="3.361"/>
  <testcase classname="tests.SantanderTest" name="shouldNavigateToAcercaBancoOption" time="19.757"/>
  <testcase classname="tests.SantanderTest" name="shouldNavigateToPymesOption" time="12.169"/>
  <testcase classname="tests.SantanderTest" name="shouldNavigateToPymesOption" time="9.717"/>
  <testcase classname="tests.SantanderTest" name="shouldNavigateToAcercaBancoOption" time="11.466"/>
  <testcase classname="tests.SantanderTest" name="shouldNavigateToPersonasOption" time="9.506"/>
  <testcase classname="tests.SantanderTest" name="shouldNavigateToPersonasOption" time="19.927"/>
  <testcase classname="tests.SantanderTest" name="shouldNavigateToPersonasOption" time="15.945"/>
  <testcase classname="tests.SantanderTest" name="shouldNavigateToPersonasOption" time="2.888"/>
  <testcase classname="tests.SantanderTest" name="shouldNavigateToPersonasOption" time="3.501"/>
  <testcase classname="tests.SantanderTest" name="shouldNavigateToPymesOption" time="11.168"/>
  <testcase classname="tests.SantanderTest" name="shouldNavigateToPersonasOption" time="6.914"/>
  <testcase classname="tests.SantanderTest" name="shouldNavigateToPersonasOption" time="15.935"/>
  <testcase classname="tests.SantanderTest" name="shouldNavigateToPersonasOption" time="11.246"/>
  <testcase classname="tests.SantanderTest" name="shouldNavigateToPersonasOption" time="13.335"/>
  <testcase classname="tests.SantanderTest" name="shouldNavigateToPymesOption" time="9.794"/>
  <testcase classname="tests.SantanderTest" name="shouldNavigateToAcercaBancoOption" time="30.813"/>
  <testcase classname="tests.SantanderTest" name="shouldNavigateToPersonasOption" time="10.258"/>
  <testcase classname="tests.SantanderTest" name="shouldNavigateToAcercaBancoOption" time="4.150"/>
  <testcase classname="tests.SantanderTest" name="shouldNavigateToPersonasOption" time="9.317"/>
  <testcase classname="tests.SantanderTest" name="shouldNavigateToPersonasOption" time="15.823"/>
  <testcase classname="tests.SantanderTest" name="shouldNavigateToPymesOption" time="10.434"/>
  <testcase classname="tests.SantanderTest" name="shouldNavigateToPymesOption" time="10.598"/>
  <testcase classname="tests.SantanderTest" name="shouldNavigateToPersonasOption" time="3.200"/>
  <testcase classname="tests.SantanderTest" name="shouldNavigateToPymesOption" time="16.927"/>
  <testcase classname="tests.SantanderTest" name="shouldNavigateToPersonasOption" time="17.388"/>
  <testcase classname="tests.SantanderTest" name="shouldNavigateToPersonasOption" time="9.049"/>
  <testcase classname="tests.SantanderTest" name="shouldNavigateToPymesOption" time="15.803"/>
  <testcase classname="tests.SantanderTest" name="shouldNavigateToPersonasOption" time="18.024"/>
  <testcase classname="tests.SantanderTest" name="shouldNavigateToPersonasOption" time="11.109"/>
  <testcase classname="tests.SantanderTest" name="shouldNavigateToPersonasOption" time="5.318"/>
  <testcase classname="tests.SantanderTest" name="shouldNavigateToEmpresasOption" time="3.555"/>
  <testcase classname="tests.SantanderTest" name="shouldNavigateToPersonasOption" time="9.689"/>
  <testcase classname="tests.SantanderTest" name="shouldNavigateToPymesOption" time="10.609"/>
  <testcase classname="tests.SantanderTest" name="shouldNavigateToPersonasOption" time="18.433"/>
  <testcase classname="tests.SantanderTest" name="shouldNavigateToAcercaBancoOption" time="12.757"/>
  <testcase classname="tests.SantanderTest" name="shouldNavigateToPersonasOption" time="9.352"/>
  <testcase classname="tests.SantanderTest" name="shouldNavigateToPersonasOption" time="17.861"/>
  <testcase classname="tests.SantanderTest" name="shouldNavigateToPersonasOption" time="10.977"/>
  <testcase classname="tests.SantanderTest" name="shouldNavigateToPersonasOption" time="16.090"/>
  <testcase classname="tests.SantanderTest" name="shouldNavigateToPersonasOption" time="11.178"/>
  <testcase classname="tests.SantanderTest" name="shouldNavigateToPersonasOption" time="9.230"/>
  <testcase classname="tests.SantanderTest" name="shouldNavigateToPersonasOption" time="9.346"/>
  <testcase classname="tests.SantanderTest" name="shouldNavigateToPersonasOption" time="9.185"/>
  <testcase classname="tests.SantanderTest" name="shouldNavigateToPersonasOption" time="17.094"/>
  <testcase classname="tests.SantanderTest" name="shouldNavigateToPersonasOption" time="8.848"/>
  <testcase classname="tests.SantanderTest" name="shouldNavigateToPersonasOption" time="4.163"/>
  <testcase classname="tests.SantanderTest" name="shouldNavigateToPersonasOption" time="24.213"/>
  <testcase classname="tests.SantanderTest" name="shouldNavigateToPersonasOption" time="12.569"/>
  <testcase classname="tests.SantanderTest" name="shouldNavigateToPersonasOption" time="5.500"/>
</testsuite> <!-- tests.SantanderTest -->
