<?xml version="1.0" encoding="UTF-8"?>
<!-- Generated by org.testng.reporters.JUnitXMLReporter -->
<testsuite ignored="0" hostname="DESKTOP-9GN0P2R" failures="0" tests="60" name="Default test" time="687.233" errors="0" timestamp="2026-09-08T16:01:47 CST">
  <testcase classname="tests.SantanderTest" name="shouldNavigateToAcercaBancoOption" time="19.59"/>
  <testcase classname="tests.SantanderTest" name="shouldNavigateToAcercaBancoOption" time="5.976"/>
  <testcase classname="tests.SantanderTest" name="shouldNavigateToAcercaBancoOption" time="3.337"/>
  <testcase classname="tests.SantanderTest" name="shouldNavigateToAcercaBancoOption" time="12.686"/>
  <testcase classname="tests.SantanderTest" name="shouldNavigateToAcercaBancoOption" time="4.009"/>
  <testcase classname="tests.SantanderTest" name="shouldNavigateToAcercaBancoOption" time="24.799"/>
  <testcase classname="tests.SantanderTest" name="shouldNavigateToAcercaBancoOption" time="3.31"/>
  <testcase classname="tests.SantanderTest" name="shouldNavigateToBancaPrivada" time="7.034"/>
  <testcase classname="tests.SantanderTest" name="shouldNavigateToEmpresasOption" time="3.314"/>
  <testcase classname="tests.SantanderTest" name="shouldNavigateToEmpresasOption" time="3.047"/>
  <testcase classname="tests.SantanderTest" name="shouldNavigateToPersonasOption" time="6.56"/>
  <testcase classname="tests.SantanderTest" name="shouldNavigateToPersonasOption" time="4.81"/>
  <testcase classname="tests.SantanderTest" name="shouldNavigateToPersonasOption" time="5.164"/>
  <testcase classname="tests.SantanderTest" name="shouldNavigateToPersonasOption" time="18.36"/>
  <testcase classname="tests.SantanderTest" name="shouldNavigateToPersonasOption" time="9.251"/>
  <testcase classname="tests.SantanderTest" name="shouldNavigateToPersonasOption" time="12.488"/>
  <testcase classname="tests.SantanderTest" name="shouldNavigateToPersonasOption" time="7.714"/>
  <testcase classname="tests.SantanderTest" name="shouldNavigateToPersonasOption" time="1.405"/>
  <testcase classname="tests.SantanderTest" name="shouldNavigateToPersonasOption" time="6.018"/>
  <testcase classname="tests.SantanderTest" name="shouldNavigateToPersonasOption" time="0.969"/>
  <testcase classname="tests.SantanderTest" name="shouldNavigateToPersonasOption" time="4.268"/>
  <testcase classname="tests.SantanderTest" name="shouldNavigateToPersonasOption" time="4.776"/>
  <testcase classname="tests.SantanderTest" name="shouldNavigateToPersonasOption" time="5.013"/>
  <testcase classname="tests.SantanderTest" name="shouldNavigateToPersonasOption" time="5.085"/>
  <testcase classname="tests.SantanderTest" name="shouldNavigateToPersonasOption" time="11.188"/>
  <testcase classname="tests.SantanderTest" name="shouldNavigateToPersonasOption" time="15.744"/>
  <testcase classname="tests.SantanderTest" name="shouldNavigateToPersonasOption" time="5.551"/>
  <testcase classname="tests.SantanderTest" name="shouldNavigateToPersonasOption" time="12.224"/>
  <testcase classname="tests.SantanderTest" name="shouldNavigateToPersonasOption" time="9.649"/>
  <testcase classname="tests.SantanderTest" name="shouldNavigateToPersonasOption" time="3.051"/>
  <testcase classname="tests.SantanderTest" name="shouldNavigateToPersonasOption" time="2.848"/>
  <testcase classname="tests.SantanderTest" name="shouldNavigateToPersonasOption" time="3.142"/>
  <testcase classname="tests.SantanderTest" name="shouldNavigateToPersonasOption" time="8.906"/>
  <testcase classname="tests.SantanderTest" name="shouldNavigateToPersonasOption" time="9.886"/>
  <testcase classname="tests.SantanderTest" name="shouldNavigateToPersonasOption" time="3.663"/>
  <testcase classname="tests.SantanderTest" name="shouldNavigateToPersonasOption" time="19.769"/>
  <testcase classname="tests.SantanderTest" name="shouldNavigateToPersonasOption" time="3.946"/>
  <testcase classname="tests.SantanderTest" name="shouldNavigateToPersonasOption" time="2.14"/>
  <testcase classname="tests.SantanderTest" name="shouldNavigateToPersonasOption" time="3.106"/>
  <testcase classname="tests.SantanderTest" name="shouldNavigateToPersonasOption" time="12.287"/>
  <testcase classname="tests.SantanderTest" name="shouldNavigateToPersonasOption" time="3.013"/>
  <testcase classname="tests.SantanderTest" name="shouldNavigateToPersonasOption" time="11.933"/>
  <testcase classname="tests.SantanderTest" name="shouldNavigateToPersonasOption" time="2.747"/>
  <testcase classname="tests.SantanderTest" name="shouldNavigateToPersonasOption" time="3.416"/>
  <testcase classname="tests.SantanderTest" name="shouldNavigateToPersonasOption" time="9.709"/>
  <testcase classname="tests.SantanderTest" name="shouldNavigateToPersonasOption" time="11.802"/>
  <testcase classname="tests.SantanderTest" name="shouldNavigateToPersonasOption" time="8.975"/>
  <testcase classname="tests.SantanderTest" name="shouldNavigateToPersonasOption" time="2.474"/>
  <testcase classname="tests.SantanderTest" name="shouldNavigateToPersonasOption" time="5.379"/>
  <testcase classname="tests.SantanderTest" name="shouldNavigateToPymesOption" time="11.231"/>
  <testcase classname="tests.SantanderTest" name="shouldNavigateToPymesOption" time="5.128"/>
  <testcase classname="tests.SantanderTest" name="shouldNavigateToPymesOption" time="3.447"/>
  <testcase classname="tests.SantanderTest" name="shouldNavigateToPymesOption" time="3.777"/>
  <testcase classname="tests.SantanderTest" name="shouldNavigateToPymesOption" time="4.288"/>
  <testcase classname="tests.SantanderTest" name="shouldNavigateToPymesOption" time="3.84"/>
  <testcase classname="tests.SantanderTest" name="shouldNavigateToPymesOption" time="12.072"/>
  <testcase classname="tests.SantanderTest" name="shouldNavigateToPymesOption" time="3.862"/>
  <testcase classname="tests.SantanderTest" name="shouldNavigateToPymesOption" time="9.851"/>
  <testcase classname="tests.SantanderTest" name="shouldNavigateToPymesOption" time="9.664"/>
  <testcase classname="tests.SantanderTest" name="shouldNavigateToPymesOption" time="3.803"/>
</testsuite> <!-- Default test -->
